[2013-08-01 13:03:43] NumberGuyTest::testMe.ALERT: Failed asserting that false is true. [] []
[2013-08-01 13:03:43] NumberGuyTest::testMe.INFO: # FAILED # [] []
[2013-08-01 13:03:43] NumberGuyTest::testMe.INFO: PASSED [] []
[2013-08-01 13:06:34] NumberGuyTest::testMe.ALERT: Failed asserting that false is true. [] []
[2013-08-01 13:06:34] NumberGuyTest::testMe.INFO: # FAILED # [] []
[2013-08-01 13:06:34] NumberGuyTest::testMe.INFO: PASSED [] []
[2013-08-01 13:07:19] NumberGuyTest::testMe.INFO: PASSED [] []
[2013-08-01 13:11:27] NumberGuyTest::testLessThanTen.INFO: PASSED [] []
[2013-08-01 13:11:27] NumberGuyTest::testUpToTwenty.ALERT: Undefined offset: 17 [] []
[2013-08-01 13:11:27] NumberGuyTest::testUpToTwenty.INFO: # ERROR # [] []
[2013-08-01 13:11:27] NumberGuyTest::testUpToTwenty.INFO: PASSED [] []
[2013-08-01 13:22:49] NumberGuyTest::testLessThanTen.ALERT: Undefined property: NumberNames::$numbernames [] []
[2013-08-01 13:22:49] NumberGuyTest::testLessThanTen.INFO: # ERROR # [] []
[2013-08-01 13:22:49] NumberGuyTest::testLessThanTen.INFO: PASSED [] []
[2013-08-01 13:22:49] NumberGuyTest::testUpToTwenty.ALERT: Undefined property: NumberNames::$numbernames [] []
[2013-08-01 13:22:49] NumberGuyTest::testUpToTwenty.INFO: # ERROR # [] []
[2013-08-01 13:22:49] NumberGuyTest::testUpToTwenty.INFO: PASSED [] []
[2013-08-01 13:23:39] NumberGuyTest::testLessThanTen.INFO: PASSED [] []
[2013-08-01 13:24:01] NumberGuyTest::testLessThanTen.INFO: PASSED [] []
[2013-08-01 13:24:01] NumberGuyTest::testUpToTwenty.INFO: PASSED [] []
[2013-08-01 13:26:25] NumberGuyTest::testLessThanTen.INFO: PASSED [] []
[2013-08-01 13:26:25] NumberGuyTest::testUpToTwenty.INFO: PASSED [] []
[2013-08-01 13:26:25] NumberGuyTest::testUpToHundred.ALERT: Failed asserting that false is true. [] []
[2013-08-01 13:26:25] NumberGuyTest::testUpToHundred.INFO: # FAILED # [] []
[2013-08-01 13:26:25] NumberGuyTest::testUpToHundred.INFO: PASSED [] []
[2013-08-01 13:35:39] NumberGuyTest::testLessThanTen.INFO: PASSED [] []
[2013-08-01 13:35:39] NumberGuyTest::testUpToTwenty.INFO: PASSED [] []
[2013-08-01 13:35:39] NumberGuyTest::testUpToHundred.INFO: PASSED [] []
[2013-08-01 13:36:14] NumberGuyTest::testLessThanTen.INFO: PASSED [] []
[2013-08-01 13:36:14] NumberGuyTest::testUpToTwenty.ALERT: Failed asserting that false is true. [] []
[2013-08-01 13:36:14] NumberGuyTest::testUpToTwenty.INFO: # FAILED # [] []
[2013-08-01 13:36:14] NumberGuyTest::testUpToTwenty.INFO: PASSED [] []
[2013-08-01 13:36:14] NumberGuyTest::testUpToHundred.INFO: PASSED [] []
[2013-08-01 13:36:30] NumberGuyTest::testLessThanTen.INFO: PASSED [] []
[2013-08-01 13:36:30] NumberGuyTest::testUpToTwenty.ALERT: Failed asserting that false is true. [] []
[2013-08-01 13:36:30] NumberGuyTest::testUpToTwenty.INFO: # FAILED # [] []
[2013-08-01 13:36:30] NumberGuyTest::testUpToTwenty.INFO: PASSED [] []
[2013-08-01 13:36:30] NumberGuyTest::testUpToHundred.INFO: PASSED [] []
[2013-08-01 13:37:32] NumberGuyTest::testLessThanTen.INFO: PASSED [] []
[2013-08-01 13:37:32] NumberGuyTest::testUpToTwenty.INFO: PASSED [] []
[2013-08-01 13:37:32] NumberGuyTest::testUpToHundred.INFO: PASSED [] []
[2013-08-01 13:37:48] NumberGuyTest::testLessThanTen.INFO: PASSED [] []
[2013-08-01 13:37:48] NumberGuyTest::testUpToTwenty.INFO: PASSED [] []
[2013-08-01 13:37:48] NumberGuyTest::testUpToHundred.INFO: PASSED [] []
